<?xml version="1.0" encoding="UTF-8"?>
<coverage generated="1693590549561" clover="3.2.0">
  <project timestamp="1693590549561" name="All files">
    <metrics statements="50" coveredstatements="46" conditionals="37" coveredconditionals="30" methods="20" coveredmethods="18" elements="107" coveredelements="94" complexity="0" loc="50" ncloc="50" packages="10" files="10" classes="10"/>
    <package name="mocks">
      <metrics statements="1" coveredstatements="1" conditionals="0" coveredconditionals="0" methods="0" coveredmethods="0"/>
      <file name="fileMock.js" path="C:\Users\Kevin_Bran\Desktop\Capstone Project\cv-app\mocks\fileMock.js">
        <metrics statements="1" coveredstatements="1" conditionals="0" coveredconditionals="0" methods="0" coveredmethods="0"/>
        <line num="1" count="2" type="stmt"/>
      </file>
    </package>
    <package name="src.Components.Button">
      <metrics statements="4" coveredstatements="4" conditionals="9" coveredconditionals="9" methods="1" coveredmethods="1"/>
      <file name="Button.tsx" path="C:\Users\Kevin_Bran\Desktop\Capstone Project\cv-app\src\Components\Button\Button.tsx">
        <metrics statements="4" coveredstatements="4" conditionals="9" coveredconditionals="9" methods="1" coveredmethods="1"/>
        <line num="23" count="8" type="stmt"/>
        <line num="29" count="8" type="cond" truecount="2" falsecount="0"/>
        <line num="30" count="5" type="stmt"/>
        <line num="40" count="3" type="stmt"/>
      </file>
    </package>
    <package name="src.Components.Experience">
      <metrics statements="4" coveredstatements="4" conditionals="0" coveredconditionals="0" methods="2" coveredmethods="2"/>
      <file name="Experience.tsx" path="C:\Users\Kevin_Bran\Desktop\Capstone Project\cv-app\src\Components\Experience\Experience.tsx">
        <metrics statements="4" coveredstatements="4" conditionals="0" coveredconditionals="0" methods="2" coveredmethods="2"/>
        <line num="5" count="1" type="stmt"/>
        <line num="6" count="2" type="stmt"/>
        <line num="12" count="4" type="stmt"/>
        <line num="29" count="1" type="stmt"/>
      </file>
    </package>
    <package name="src.Components.Feedbacks">
      <metrics statements="3" coveredstatements="3" conditionals="0" coveredconditionals="0" methods="1" coveredmethods="1"/>
      <file name="Feedbacks.tsx" path="C:\Users\Kevin_Bran\Desktop\Capstone Project\cv-app\src\Components\Feedbacks\Feedbacks.tsx">
        <metrics statements="3" coveredstatements="3" conditionals="0" coveredconditionals="0" methods="1" coveredmethods="1"/>
        <line num="5" count="1" type="stmt"/>
        <line num="6" count="1" type="stmt"/>
        <line num="25" count="1" type="stmt"/>
      </file>
    </package>
    <package name="src.Components.GoUpButton">
      <metrics statements="3" coveredstatements="3" conditionals="0" coveredconditionals="0" methods="2" coveredmethods="2"/>
      <file name="GoUpButton.tsx" path="C:\Users\Kevin_Bran\Desktop\Capstone Project\cv-app\src\Components\GoUpButton\GoUpButton.tsx">
        <metrics statements="3" coveredstatements="3" conditionals="0" coveredconditionals="0" methods="2" coveredmethods="2"/>
        <line num="6" count="2" type="stmt"/>
        <line num="7" count="1" type="stmt"/>
        <line num="13" count="2" type="stmt"/>
      </file>
    </package>
    <package name="src.Components.MenuButton">
      <metrics statements="1" coveredstatements="1" conditionals="0" coveredconditionals="0" methods="1" coveredmethods="1"/>
      <file name="MenuButton.tsx" path="C:\Users\Kevin_Bran\Desktop\Capstone Project\cv-app\src\Components\MenuButton\MenuButton.tsx">
        <metrics statements="1" coveredstatements="1" conditionals="0" coveredconditionals="0" methods="1" coveredmethods="1"/>
        <line num="9" count="2" type="stmt"/>
      </file>
    </package>
    <package name="src.Components.PhotoBox">
      <metrics statements="3" coveredstatements="3" conditionals="12" coveredconditionals="7" methods="1" coveredmethods="1"/>
      <file name="PhotoBox.tsx" path="C:\Users\Kevin_Bran\Desktop\Capstone Project\cv-app\src\Components\PhotoBox\PhotoBox.tsx">
        <metrics statements="3" coveredstatements="3" conditionals="12" coveredconditionals="7" methods="1" coveredmethods="1"/>
        <line num="14" count="1" type="stmt"/>
        <line num="22" count="2" type="stmt"/>
        <line num="24" count="2" type="stmt"/>
      </file>
    </package>
    <package name="src.Components.Portfolio">
      <metrics statements="24" coveredstatements="20" conditionals="16" coveredconditionals="14" methods="9" coveredmethods="7"/>
      <file name="Portfolio.tsx" path="C:\Users\Kevin_Bran\Desktop\Capstone Project\cv-app\src\Components\Portfolio\Portfolio.tsx">
        <metrics statements="24" coveredstatements="20" conditionals="16" coveredconditionals="14" methods="9" coveredmethods="7"/>
        <line num="6" count="1" type="stmt"/>
        <line num="7" count="6" type="stmt"/>
        <line num="9" count="6" type="stmt"/>
        <line num="10" count="3" type="stmt"/>
        <line num="12" count="3" type="stmt"/>
        <line num="13" count="3" type="cond" truecount="1" falsecount="1"/>
        <line num="14" count="3" type="cond" truecount="2" falsecount="0"/>
        <line num="15" count="1" type="stmt"/>
        <line num="17" count="2" type="stmt"/>
        <line num="22" count="6" type="stmt"/>
        <line num="23" count="4" type="stmt"/>
        <line num="24" count="4" type="stmt"/>
        <line num="29" count="4" type="stmt"/>
        <line num="30" count="0" type="stmt"/>
        <line num="34" count="4" type="cond" truecount="1" falsecount="1"/>
        <line num="35" count="4" type="stmt"/>
        <line num="37" count="0" type="stmt"/>
        <line num="38" count="0" type="stmt"/>
        <line num="39" count="0" type="stmt"/>
        <line num="44" count="6" type="stmt"/>
        <line num="50" count="1" type="cond" truecount="2" falsecount="0"/>
        <line num="52" count="1" type="cond" truecount="2" falsecount="0"/>
        <line num="54" count="1" type="cond" truecount="2" falsecount="0"/>
        <line num="94" count="1" type="stmt"/>
      </file>
    </package>
    <package name="src.Components.SideBar">
      <metrics statements="3" coveredstatements="3" conditionals="0" coveredconditionals="0" methods="3" coveredmethods="3"/>
      <file name="SideBar.tsx" path="C:\Users\Kevin_Bran\Desktop\Capstone Project\cv-app\src\Components\SideBar\SideBar.tsx">
        <metrics statements="3" coveredstatements="3" conditionals="0" coveredconditionals="0" methods="3" coveredmethods="3"/>
        <line num="30" count="2" type="stmt"/>
        <line num="40" count="2" type="stmt"/>
        <line num="47" count="14" type="stmt"/>
      </file>
    </package>
    <package name="src.utils">
      <metrics statements="4" coveredstatements="4" conditionals="0" coveredconditionals="0" methods="0" coveredmethods="0"/>
      <file name="constants.ts" path="C:\Users\Kevin_Bran\Desktop\Capstone Project\cv-app\src\utils\constants.ts">
        <metrics statements="4" coveredstatements="4" conditionals="0" coveredconditionals="0" methods="0" coveredmethods="0"/>
        <line num="3" count="2" type="stmt"/>
        <line num="9" count="2" type="stmt"/>
        <line num="16" count="2" type="stmt"/>
        <line num="39" count="2" type="stmt"/>
      </file>
    </package>
  </project>
</coverage>
