<?xml version="1.0" encoding="UTF-8"?>
<coverage generated="1693426030116" clover="3.2.0">
  <project timestamp="1693426030116" name="All files">
    <metrics statements="4" coveredstatements="4" conditionals="9" coveredconditionals="8" methods="1" coveredmethods="1" elements="14" coveredelements="13" complexity="0" loc="4" ncloc="4" packages="1" files="1" classes="1"/>
    <file name="Button.tsx" path="C:\Users\Kevin_Bran\Desktop\Capstone Project\cv-app\src\Components\Button\Button.tsx">
      <metrics statements="4" coveredstatements="4" conditionals="9" coveredconditionals="8" methods="1" coveredmethods="1"/>
      <line num="23" count="4" type="stmt"/>
      <line num="29" count="4" type="cond" truecount="2" falsecount="0"/>
      <line num="30" count="1" type="stmt"/>
      <line num="40" count="3" type="stmt"/>
    </file>
  </project>
</coverage>
