{"C:\\Users\\Kevin_Bran\\Desktop\\Capstone Project\\cv-app\\mocks\\fileMock.js": {"path":"C:\\Users\\Kevin_Bran\\Desktop\\Capstone Project\\cv-app\\mocks\\fileMock.js","statementMap":{"0":{"start":{"line":1,"column":0},"end":{"line":1,"column":34}}},"fnMap":{},"branchMap":{},"s":{"0":2},"f":{},"b":{},"_coverageSchema":"1a1c01bbd47fc00a2c39e90264f33305004495a9","hash":"2720ea150243d3ed65e93c71090b3a3739498e85"}
,"C:\\Users\\Kevin_Bran\\Desktop\\Capstone Project\\cv-app\\src\\Components\\Button\\Button.tsx": {"path":"C:\\Users\\Kevin_Bran\\Desktop\\Capstone Project\\cv-app\\src\\Components\\Button\\Button.tsx","statementMap":{"0":{"start":{"line":23,"column":4},"end":{"line":26,"column":7}},"1":{"start":{"line":29,"column":2},"end":{"line":38,"column":3}},"2":{"start":{"line":30,"column":4},"end":{"line":37,"column":6}},"3":{"start":{"line":40,"column":2},"end":{"line":47,"column":4}}},"fnMap":{"0":{"name":"Button","decl":{"start":{"line":14,"column":24},"end":{"line":14,"column":30}},"loc":{"start":{"line":21,"column":16},"end":{"line":48,"column":1}},"line":21}},"branchMap":{"0":{"loc":{"start":{"line":17,"column":2},"end":{"line":17,"column":21}},"type":"default-arg","locations":[{"start":{"line":17,"column":12},"end":{"line":17,"column":21}}],"line":17},"1":{"loc":{"start":{"line":24,"column":7},"end":{"line":24,"column":51}},"type":"binary-expr","locations":[{"start":{"line":24,"column":7},"end":{"line":24,"column":11}},{"start":{"line":24,"column":15},"end":{"line":24,"column":51}}],"line":24},"2":{"loc":{"start":{"line":29,"column":2},"end":{"line":38,"column":3}},"type":"if","locations":[{"start":{"line":29,"column":2},"end":{"line":38,"column":3}},{"start":{},"end":{}}],"line":29},"3":{"loc":{"start":{"line":33,"column":47},"end":{"line":33,"column":62}},"type":"binary-expr","locations":[{"start":{"line":33,"column":47},"end":{"line":33,"column":56}},{"start":{"line":33,"column":60},"end":{"line":33,"column":62}}],"line":33},"4":{"loc":{"start":{"line":43,"column":45},"end":{"line":43,"column":60}},"type":"binary-expr","locations":[{"start":{"line":43,"column":45},"end":{"line":43,"column":54}},{"start":{"line":43,"column":58},"end":{"line":43,"column":60}}],"line":43}},"s":{"0":8,"1":8,"2":5,"3":3},"f":{"0":8},"b":{"0":[3],"1":[8,4],"2":[5,3],"3":[5,5],"4":[3,3]},"_coverageSchema":"1a1c01bbd47fc00a2c39e90264f33305004495a9","hash":"28df29617f9aeab0daa5b4bd3c2c316f93733ee9"}
,"C:\\Users\\Kevin_Bran\\Desktop\\Capstone Project\\cv-app\\src\\Components\\Experience\\Experience.tsx": {"path":"C:\\Users\\Kevin_Bran\\Desktop\\Capstone Project\\cv-app\\src\\Components\\Experience\\Experience.tsx","statementMap":{"0":{"start":{"line":5,"column":67},"end":{"line":27,"column":1}},"1":{"start":{"line":6,"column":2},"end":{"line":26,"column":4}},"2":{"start":{"line":12,"column":8},"end":{"line":23,"column":14}},"3":{"start":{"line":29,"column":28},"end":{"line":29,"column":50}}},"fnMap":{"0":{"name":"(anonymous_0)","decl":{"start":{"line":5,"column":67},"end":{"line":5,"column":68}},"loc":{"start":{"line":5,"column":79},"end":{"line":27,"column":1}},"line":5},"1":{"name":"(anonymous_1)","decl":{"start":{"line":11,"column":26},"end":{"line":11,"column":27}},"loc":{"start":{"line":12,"column":8},"end":{"line":23,"column":14}},"line":12}},"branchMap":{},"s":{"0":1,"1":2,"2":4,"3":1},"f":{"0":2,"1":4},"b":{},"_coverageSchema":"1a1c01bbd47fc00a2c39e90264f33305004495a9","hash":"a764728626cded3e9c658407200491b2be122e4f"}
,"C:\\Users\\Kevin_Bran\\Desktop\\Capstone Project\\cv-app\\src\\Components\\Feedbacks\\Feedbacks.tsx": {"path":"C:\\Users\\Kevin_Bran\\Desktop\\Capstone Project\\cv-app\\src\\Components\\Feedbacks\\Feedbacks.tsx","statementMap":{"0":{"start":{"line":5,"column":66},"end":{"line":23,"column":1}},"1":{"start":{"line":6,"column":2},"end":{"line":22,"column":3}},"2":{"start":{"line":25,"column":27},"end":{"line":25,"column":48}}},"fnMap":{"0":{"name":"(anonymous_0)","decl":{"start":{"line":5,"column":66},"end":{"line":5,"column":67}},"loc":{"start":{"line":5,"column":78},"end":{"line":23,"column":1}},"line":5}},"branchMap":{},"s":{"0":1,"1":1,"2":1},"f":{"0":1},"b":{},"_coverageSchema":"1a1c01bbd47fc00a2c39e90264f33305004495a9","hash":"ac6ad627e3325ceb1901cb03d0fe2394e88ec2da"}
,"C:\\Users\\Kevin_Bran\\Desktop\\Capstone Project\\cv-app\\src\\Components\\GoUpButton\\GoUpButton.tsx": {"path":"C:\\Users\\Kevin_Bran\\Desktop\\Capstone Project\\cv-app\\src\\Components\\GoUpButton\\GoUpButton.tsx","statementMap":{"0":{"start":{"line":6,"column":26},"end":{"line":11,"column":3}},"1":{"start":{"line":7,"column":4},"end":{"line":10,"column":7}},"2":{"start":{"line":13,"column":2},"end":{"line":17,"column":3}}},"fnMap":{"0":{"name":"GoUpButton","decl":{"start":{"line":4,"column":24},"end":{"line":4,"column":34}},"loc":{"start":{"line":4,"column":37},"end":{"line":18,"column":1}},"line":4},"1":{"name":"(anonymous_1)","decl":{"start":{"line":6,"column":26},"end":{"line":6,"column":27}},"loc":{"start":{"line":6,"column":32},"end":{"line":11,"column":3}},"line":6}},"branchMap":{},"s":{"0":2,"1":1,"2":2},"f":{"0":2,"1":1},"b":{},"_coverageSchema":"1a1c01bbd47fc00a2c39e90264f33305004495a9","hash":"b4239d12a189dbaa437b8e1457597b8391026ed0"}
,"C:\\Users\\Kevin_Bran\\Desktop\\Capstone Project\\cv-app\\src\\Components\\MenuButton\\MenuButton.tsx": {"path":"C:\\Users\\Kevin_Bran\\Desktop\\Capstone Project\\cv-app\\src\\Components\\MenuButton\\MenuButton.tsx","statementMap":{"0":{"start":{"line":9,"column":2},"end":{"line":13,"column":3}}},"fnMap":{"0":{"name":"MenuButton","decl":{"start":{"line":8,"column":24},"end":{"line":8,"column":34}},"loc":{"start":{"line":8,"column":69},"end":{"line":14,"column":1}},"line":8}},"branchMap":{},"s":{"0":2},"f":{"0":2},"b":{},"_coverageSchema":"1a1c01bbd47fc00a2c39e90264f33305004495a9","hash":"527669701c995fbbf42f76e1095d437da8fe8781"}
,"C:\\Users\\Kevin_Bran\\Desktop\\Capstone Project\\cv-app\\src\\Components\\PhotoBox\\PhotoBox.tsx": {"path":"C:\\Users\\Kevin_Bran\\Desktop\\Capstone Project\\cv-app\\src\\Components\\PhotoBox\\PhotoBox.tsx","statementMap":{"0":{"start":{"line":14,"column":42},"end":{"line":34,"column":1}},"1":{"start":{"line":22,"column":6},"end":{"line":22,"column":11}},"2":{"start":{"line":24,"column":2},"end":{"line":33,"column":4}}},"fnMap":{"0":{"name":"(anonymous_0)","decl":{"start":{"line":14,"column":42},"end":{"line":14,"column":43}},"loc":{"start":{"line":14,"column":53},"end":{"line":34,"column":1}},"line":14}},"branchMap":{"0":{"loc":{"start":{"line":16,"column":4},"end":{"line":16,"column":32}},"type":"default-arg","locations":[{"start":{"line":16,"column":13},"end":{"line":16,"column":32}}],"line":16},"1":{"loc":{"start":{"line":17,"column":4},"end":{"line":17,"column":28}},"type":"default-arg","locations":[{"start":{"line":17,"column":11},"end":{"line":17,"column":28}}],"line":17},"2":{"loc":{"start":{"line":18,"column":4},"end":{"line":18,"column":30}},"type":"default-arg","locations":[{"start":{"line":18,"column":12},"end":{"line":18,"column":30}}],"line":18},"3":{"loc":{"start":{"line":19,"column":4},"end":{"line":19,"column":42}},"type":"default-arg","locations":[{"start":{"line":19,"column":18},"end":{"line":19,"column":42}}],"line":19},"4":{"loc":{"start":{"line":20,"column":4},"end":{"line":20,"column":18}},"type":"default-arg","locations":[{"start":{"line":20,"column":13},"end":{"line":20,"column":18}}],"line":20},"5":{"loc":{"start":{"line":21,"column":4},"end":{"line":21,"column":19}},"type":"default-arg","locations":[{"start":{"line":21,"column":11},"end":{"line":21,"column":19}}],"line":21},"6":{"loc":{"start":{"line":28,"column":7},"end":{"line":28,"column":71}},"type":"binary-expr","locations":[{"start":{"line":28,"column":7},"end":{"line":28,"column":14}},{"start":{"line":28,"column":18},"end":{"line":28,"column":23}},{"start":{"line":28,"column":27},"end":{"line":28,"column":71}}],"line":28},"7":{"loc":{"start":{"line":29,"column":7},"end":{"line":31,"column":7}},"type":"binary-expr","locations":[{"start":{"line":29,"column":7},"end":{"line":29,"column":14}},{"start":{"line":29,"column":18},"end":{"line":29,"column":29}},{"start":{"line":30,"column":8},"end":{"line":30,"column":62}}],"line":29}},"s":{"0":1,"1":2,"2":2},"f":{"0":2},"b":{"0":[2],"1":[2],"2":[2],"3":[2],"4":[0],"5":[2],"6":[2,0,0],"7":[2,0,0]},"_coverageSchema":"1a1c01bbd47fc00a2c39e90264f33305004495a9","hash":"bbe784a45160f6438af69ebc892bab850b71d5c1"}
,"C:\\Users\\Kevin_Bran\\Desktop\\Capstone Project\\cv-app\\src\\Components\\Portfolio\\Portfolio.tsx": {"path":"C:\\Users\\Kevin_Bran\\Desktop\\Capstone Project\\cv-app\\src\\Components\\Portfolio\\Portfolio.tsx","statementMap":{"0":{"start":{"line":6,"column":66},"end":{"line":92,"column":1}},"1":{"start":{"line":7,"column":44},"end":{"line":7,"column":67}},"2":{"start":{"line":9,"column":30},"end":{"line":20,"column":5}},"3":{"start":{"line":10,"column":8},"end":{"line":10,"column":36}},"4":{"start":{"line":12,"column":20},"end":{"line":12,"column":62}},"5":{"start":{"line":13,"column":8},"end":{"line":19,"column":9}},"6":{"start":{"line":14,"column":12},"end":{"line":18,"column":13}},"7":{"start":{"line":15,"column":16},"end":{"line":15,"column":45}},"8":{"start":{"line":17,"column":16},"end":{"line":17,"column":58}},"9":{"start":{"line":22,"column":4},"end":{"line":42,"column":9}},"10":{"start":{"line":23,"column":32},"end":{"line":32,"column":7}},"11":{"start":{"line":24,"column":22},"end":{"line":27,"column":12}},"12":{"start":{"line":29,"column":10},"end":{"line":31,"column":12}},"13":{"start":{"line":30,"column":14},"end":{"line":30,"column":28}},"14":{"start":{"line":34,"column":6},"end":{"line":41,"column":7}},"15":{"start":{"line":35,"column":10},"end":{"line":35,"column":30}},"16":{"start":{"line":37,"column":10},"end":{"line":37,"column":61}},"17":{"start":{"line":38,"column":10},"end":{"line":40,"column":12}},"18":{"start":{"line":39,"column":14},"end":{"line":39,"column":68}},"19":{"start":{"line":44,"column":4},"end":{"line":91,"column":6}},"20":{"start":{"line":50,"column":39},"end":{"line":50,"column":63}},"21":{"start":{"line":52,"column":39},"end":{"line":52,"column":64}},"22":{"start":{"line":54,"column":39},"end":{"line":54,"column":62}},"23":{"start":{"line":94,"column":27},"end":{"line":94,"column":48}}},"fnMap":{"0":{"name":"(anonymous_0)","decl":{"start":{"line":6,"column":66},"end":{"line":6,"column":67}},"loc":{"start":{"line":6,"column":78},"end":{"line":92,"column":1}},"line":6},"1":{"name":"(anonymous_1)","decl":{"start":{"line":9,"column":30},"end":{"line":9,"column":31}},"loc":{"start":{"line":9,"column":54},"end":{"line":20,"column":5}},"line":9},"2":{"name":"(anonymous_2)","decl":{"start":{"line":22,"column":14},"end":{"line":22,"column":15}},"loc":{"start":{"line":22,"column":20},"end":{"line":42,"column":3}},"line":22},"3":{"name":"(anonymous_3)","decl":{"start":{"line":23,"column":32},"end":{"line":23,"column":33}},"loc":{"start":{"line":23,"column":38},"end":{"line":32,"column":7}},"line":23},"4":{"name":"(anonymous_4)","decl":{"start":{"line":29,"column":17},"end":{"line":29,"column":18}},"loc":{"start":{"line":29,"column":23},"end":{"line":31,"column":11}},"line":29},"5":{"name":"(anonymous_5)","decl":{"start":{"line":38,"column":17},"end":{"line":38,"column":18}},"loc":{"start":{"line":38,"column":23},"end":{"line":40,"column":11}},"line":38},"6":{"name":"(anonymous_6)","decl":{"start":{"line":50,"column":33},"end":{"line":50,"column":34}},"loc":{"start":{"line":50,"column":39},"end":{"line":50,"column":63}},"line":50},"7":{"name":"(anonymous_7)","decl":{"start":{"line":52,"column":33},"end":{"line":52,"column":34}},"loc":{"start":{"line":52,"column":39},"end":{"line":52,"column":64}},"line":52},"8":{"name":"(anonymous_8)","decl":{"start":{"line":54,"column":33},"end":{"line":54,"column":34}},"loc":{"start":{"line":54,"column":39},"end":{"line":54,"column":62}},"line":54}},"branchMap":{"0":{"loc":{"start":{"line":13,"column":8},"end":{"line":19,"column":9}},"type":"if","locations":[{"start":{"line":13,"column":8},"end":{"line":19,"column":9}},{"start":{},"end":{}}],"line":13},"1":{"loc":{"start":{"line":14,"column":12},"end":{"line":18,"column":13}},"type":"if","locations":[{"start":{"line":14,"column":12},"end":{"line":18,"column":13}},{"start":{"line":16,"column":19},"end":{"line":18,"column":13}}],"line":14},"2":{"loc":{"start":{"line":34,"column":6},"end":{"line":41,"column":7}},"type":"if","locations":[{"start":{"line":34,"column":6},"end":{"line":41,"column":7}},{"start":{"line":36,"column":13},"end":{"line":41,"column":7}}],"line":34},"3":{"loc":{"start":{"line":50,"column":76},"end":{"line":50,"column":114}},"type":"cond-expr","locations":[{"start":{"line":50,"column":101},"end":{"line":50,"column":109}},{"start":{"line":50,"column":112},"end":{"line":50,"column":114}}],"line":50},"4":{"loc":{"start":{"line":51,"column":33},"end":{"line":51,"column":71}},"type":"cond-expr","locations":[{"start":{"line":51,"column":58},"end":{"line":51,"column":66}},{"start":{"line":51,"column":69},"end":{"line":51,"column":71}}],"line":51},"5":{"loc":{"start":{"line":52,"column":77},"end":{"line":52,"column":116}},"type":"cond-expr","locations":[{"start":{"line":52,"column":103},"end":{"line":52,"column":111}},{"start":{"line":52,"column":114},"end":{"line":52,"column":116}}],"line":52},"6":{"loc":{"start":{"line":53,"column":33},"end":{"line":53,"column":72}},"type":"cond-expr","locations":[{"start":{"line":53,"column":59},"end":{"line":53,"column":67}},{"start":{"line":53,"column":70},"end":{"line":53,"column":72}}],"line":53},"7":{"loc":{"start":{"line":54,"column":75},"end":{"line":54,"column":112}},"type":"cond-expr","locations":[{"start":{"line":54,"column":99},"end":{"line":54,"column":107}},{"start":{"line":54,"column":110},"end":{"line":54,"column":112}}],"line":54}},"s":{"0":1,"1":6,"2":6,"3":3,"4":3,"5":3,"6":3,"7":1,"8":2,"9":6,"10":4,"11":4,"12":4,"13":0,"14":4,"15":4,"16":0,"17":0,"18":0,"19":6,"20":1,"21":1,"22":1,"23":1},"f":{"0":6,"1":3,"2":4,"3":4,"4":0,"5":0,"6":1,"7":1,"8":1},"b":{"0":[3,0],"1":[1,2],"2":[4,0],"3":[4,2],"4":[4,2],"5":[1,5],"6":[1,5],"7":[1,5]},"_coverageSchema":"1a1c01bbd47fc00a2c39e90264f33305004495a9","hash":"cb2922c39d469daaa418c2678049e2f4a22512ee"}
,"C:\\Users\\Kevin_Bran\\Desktop\\Capstone Project\\cv-app\\src\\Components\\SideBar\\SideBar.tsx": {"path":"C:\\Users\\Kevin_Bran\\Desktop\\Capstone Project\\cv-app\\src\\Components\\SideBar\\SideBar.tsx","statementMap":{"0":{"start":{"line":30,"column":20},"end":{"line":38,"column":3}},"1":{"start":{"line":40,"column":2},"end":{"line":58,"column":4}},"2":{"start":{"line":47,"column":10},"end":{"line":50,"column":16}},"3":{"start":{"line":47,"column":42},"end":{"line":47,"column":63}}},"fnMap":{"0":{"name":"SideBar","decl":{"start":{"line":29,"column":24},"end":{"line":29,"column":31}},"loc":{"start":{"line":29,"column":69},"end":{"line":59,"column":1}},"line":29},"1":{"name":"(anonymous_1)","decl":{"start":{"line":46,"column":23},"end":{"line":46,"column":24}},"loc":{"start":{"line":47,"column":10},"end":{"line":50,"column":16}},"line":47},"2":{"name":"(anonymous_2)","decl":{"start":{"line":47,"column":36},"end":{"line":47,"column":37}},"loc":{"start":{"line":47,"column":42},"end":{"line":47,"column":63}},"line":47}},"branchMap":{},"s":{"0":2,"1":2,"2":14,"3":3},"f":{"0":2,"1":14,"2":3},"b":{},"_coverageSchema":"1a1c01bbd47fc00a2c39e90264f33305004495a9","hash":"789d490e027e4911c3b18566d6c4a9e24f5a8d77"}
,"C:\\Users\\Kevin_Bran\\Desktop\\Capstone Project\\cv-app\\src\\utils\\constants.ts": {"path":"C:\\Users\\Kevin_Bran\\Desktop\\Capstone Project\\cv-app\\src\\utils\\constants.ts","statementMap":{"0":{"start":{"line":3,"column":20},"end":{"line":7,"column":1}},"1":{"start":{"line":9,"column":28},"end":{"line":14,"column":1}},"2":{"start":{"line":16,"column":23},"end":{"line":37,"column":1}},"3":{"start":{"line":39,"column":18},"end":{"line":46,"column":1}}},"fnMap":{},"branchMap":{},"s":{"0":2,"1":2,"2":2,"3":2},"f":{},"b":{},"_coverageSchema":"1a1c01bbd47fc00a2c39e90264f33305004495a9","hash":"6a340dd23939d0436ead4127698846e79149b957"}
}
