{"C:\\Users\\Kevin_Bran\\Desktop\\Capstone Project\\cv-app\\src\\Components\\Button\\Button.tsx": {"path":"C:\\Users\\Kevin_Bran\\Desktop\\Capstone Project\\cv-app\\src\\Components\\Button\\Button.tsx","statementMap":{"0":{"start":{"line":23,"column":4},"end":{"line":26,"column":7}},"1":{"start":{"line":29,"column":2},"end":{"line":38,"column":3}},"2":{"start":{"line":30,"column":4},"end":{"line":37,"column":6}},"3":{"start":{"line":40,"column":2},"end":{"line":47,"column":4}}},"fnMap":{"0":{"name":"Button","decl":{"start":{"line":14,"column":24},"end":{"line":14,"column":30}},"loc":{"start":{"line":21,"column":16},"end":{"line":48,"column":1}},"line":21}},"branchMap":{"0":{"loc":{"start":{"line":17,"column":2},"end":{"line":17,"column":21}},"type":"default-arg","locations":[{"start":{"line":17,"column":12},"end":{"line":17,"column":21}}],"line":17},"1":{"loc":{"start":{"line":24,"column":7},"end":{"line":24,"column":51}},"type":"binary-expr","locations":[{"start":{"line":24,"column":7},"end":{"line":24,"column":11}},{"start":{"line":24,"column":15},"end":{"line":24,"column":51}}],"line":24},"2":{"loc":{"start":{"line":29,"column":2},"end":{"line":38,"column":3}},"type":"if","locations":[{"start":{"line":29,"column":2},"end":{"line":38,"column":3}},{"start":{},"end":{}}],"line":29},"3":{"loc":{"start":{"line":33,"column":47},"end":{"line":33,"column":62}},"type":"binary-expr","locations":[{"start":{"line":33,"column":47},"end":{"line":33,"column":56}},{"start":{"line":33,"column":60},"end":{"line":33,"column":62}}],"line":33},"4":{"loc":{"start":{"line":43,"column":45},"end":{"line":43,"column":60}},"type":"binary-expr","locations":[{"start":{"line":43,"column":45},"end":{"line":43,"column":54}},{"start":{"line":43,"column":58},"end":{"line":43,"column":60}}],"line":43}},"s":{"0":4,"1":4,"2":1,"3":3},"f":{"0":4},"b":{"0":[3],"1":[4,0],"2":[1,3],"3":[1,1],"4":[3,3]},"_coverageSchema":"1a1c01bbd47fc00a2c39e90264f33305004495a9","hash":"28df29617f9aeab0daa5b4bd3c2c316f93733ee9"}
}
