TN:
SF:mocks\fileMock.js
FNF:0
FNH:0
DA:1,1
LF:1
LH:1
BRF:0
BRH:0
end_of_record
TN:
SF:src\Components\Button\Button.tsx
FN:14,Button
FNF:1
FNH:1
FNDA:8,Button
DA:23,8
DA:29,8
DA:30,5
DA:40,3
LF:4
LH:4
BRDA:17,0,0,3
BRDA:24,1,0,8
BRDA:24,1,1,4
BRDA:29,2,0,5
BRDA:29,2,1,3
BRDA:33,3,0,5
BRDA:33,3,1,5
BRDA:43,4,0,3
BRDA:43,4,1,3
BRF:9
BRH:9
end_of_record
TN:
SF:src\Components\PhotoBox\PhotoBox.tsx
FN:14,(anonymous_0)
FNF:1
FNH:1
FNDA:2,(anonymous_0)
DA:14,1
DA:22,2
DA:24,2
LF:3
LH:3
BRDA:16,0,0,2
BRDA:17,1,0,2
BRDA:18,2,0,2
BRDA:19,3,0,2
BRDA:20,4,0,0
BRDA:21,5,0,2
BRDA:28,6,0,2
BRDA:28,6,1,0
BRDA:28,6,2,0
BRDA:29,7,0,2
BRDA:29,7,1,0
BRDA:29,7,2,0
BRF:12
BRH:7
end_of_record
TN:
SF:src\Components\SideBar\SideBar.tsx
FN:21,SideBar
FN:28,(anonymous_1)
FN:32,(anonymous_2)
FN:36,(anonymous_3)
FN:40,(anonymous_4)
FN:44,(anonymous_5)
FN:48,(anonymous_6)
FN:52,(anonymous_7)
FNF:8
FNH:4
FNDA:2,SideBar
FNDA:1,(anonymous_1)
FNDA:1,(anonymous_2)
FNDA:1,(anonymous_3)
FNDA:0,(anonymous_4)
FNDA:0,(anonymous_5)
FNDA:0,(anonymous_6)
FNDA:0,(anonymous_7)
DA:22,2
DA:28,1
DA:32,1
DA:36,1
DA:40,0
DA:44,0
DA:48,0
DA:52,0
LF:8
LH:4
BRF:0
BRH:0
end_of_record
TN:
SF:src\utils\constants.ts
FNF:0
FNH:0
DA:3,1
DA:9,1
DA:16,1
DA:39,1
LF:4
LH:4
BRF:0
BRH:0
end_of_record
