TN:
SF:mocks\fileMock.js
FNF:0
FNH:0
DA:1,2
LF:1
LH:1
BRF:0
BRH:0
end_of_record
TN:
SF:src\Components\Button\Button.tsx
FN:14,Button
FNF:1
FNH:1
FNDA:8,Button
DA:23,8
DA:29,8
DA:30,5
DA:40,3
LF:4
LH:4
BRDA:17,0,0,3
BRDA:24,1,0,8
BRDA:24,1,1,4
BRDA:29,2,0,5
BRDA:29,2,1,3
BRDA:33,3,0,5
BRDA:33,3,1,5
BRDA:43,4,0,3
BRDA:43,4,1,3
BRF:9
BRH:9
end_of_record
TN:
SF:src\Components\Experience\Experience.tsx
FN:5,(anonymous_0)
FN:11,(anonymous_1)
FNF:2
FNH:2
FNDA:2,(anonymous_0)
FNDA:4,(anonymous_1)
DA:5,1
DA:6,2
DA:12,4
DA:29,1
LF:4
LH:4
BRF:0
BRH:0
end_of_record
TN:
SF:src\Components\Feedbacks\Feedbacks.tsx
FN:5,(anonymous_0)
FNF:1
FNH:1
FNDA:1,(anonymous_0)
DA:5,1
DA:6,1
DA:25,1
LF:3
LH:3
BRF:0
BRH:0
end_of_record
TN:
SF:src\Components\GoUpButton\GoUpButton.tsx
FN:4,GoUpButton
FN:6,(anonymous_1)
FNF:2
FNH:2
FNDA:2,GoUpButton
FNDA:1,(anonymous_1)
DA:6,2
DA:7,1
DA:13,2
LF:3
LH:3
BRF:0
BRH:0
end_of_record
TN:
SF:src\Components\MenuButton\MenuButton.tsx
FN:8,MenuButton
FNF:1
FNH:1
FNDA:2,MenuButton
DA:9,2
LF:1
LH:1
BRF:0
BRH:0
end_of_record
TN:
SF:src\Components\PhotoBox\PhotoBox.tsx
FN:14,(anonymous_0)
FNF:1
FNH:1
FNDA:2,(anonymous_0)
DA:14,1
DA:22,2
DA:24,2
LF:3
LH:3
BRDA:16,0,0,2
BRDA:17,1,0,2
BRDA:18,2,0,2
BRDA:19,3,0,2
BRDA:20,4,0,0
BRDA:21,5,0,2
BRDA:28,6,0,2
BRDA:28,6,1,0
BRDA:28,6,2,0
BRDA:29,7,0,2
BRDA:29,7,1,0
BRDA:29,7,2,0
BRF:12
BRH:7
end_of_record
TN:
SF:src\Components\Portfolio\Portfolio.tsx
FN:6,(anonymous_0)
FN:9,(anonymous_1)
FN:22,(anonymous_2)
FN:23,(anonymous_3)
FN:29,(anonymous_4)
FN:38,(anonymous_5)
FN:50,(anonymous_6)
FN:52,(anonymous_7)
FN:54,(anonymous_8)
FNF:9
FNH:7
FNDA:6,(anonymous_0)
FNDA:3,(anonymous_1)
FNDA:4,(anonymous_2)
FNDA:4,(anonymous_3)
FNDA:0,(anonymous_4)
FNDA:0,(anonymous_5)
FNDA:1,(anonymous_6)
FNDA:1,(anonymous_7)
FNDA:1,(anonymous_8)
DA:6,1
DA:7,6
DA:9,6
DA:10,3
DA:12,3
DA:13,3
DA:14,3
DA:15,1
DA:17,2
DA:22,6
DA:23,4
DA:24,4
DA:29,4
DA:30,0
DA:34,4
DA:35,4
DA:37,0
DA:38,0
DA:39,0
DA:44,6
DA:50,1
DA:52,1
DA:54,1
DA:94,1
LF:24
LH:20
BRDA:13,0,0,3
BRDA:13,0,1,0
BRDA:14,1,0,1
BRDA:14,1,1,2
BRDA:34,2,0,4
BRDA:34,2,1,0
BRDA:50,3,0,4
BRDA:50,3,1,2
BRDA:51,4,0,4
BRDA:51,4,1,2
BRDA:52,5,0,1
BRDA:52,5,1,5
BRDA:53,6,0,1
BRDA:53,6,1,5
BRDA:54,7,0,1
BRDA:54,7,1,5
BRF:16
BRH:14
end_of_record
TN:
SF:src\Components\SideBar\SideBar.tsx
FN:29,SideBar
FN:46,(anonymous_1)
FN:47,(anonymous_2)
FNF:3
FNH:3
FNDA:2,SideBar
FNDA:14,(anonymous_1)
FNDA:3,(anonymous_2)
DA:30,2
DA:40,2
DA:47,14
LF:3
LH:3
BRF:0
BRH:0
end_of_record
TN:
SF:src\utils\constants.ts
FNF:0
FNH:0
DA:3,2
DA:9,2
DA:16,2
DA:39,2
LF:4
LH:4
BRF:0
BRH:0
end_of_record
